2025-01-03 15:34:17,363 | [INFO] Feature.views: Received link: https://www.youtube.com/watch?v=QjrkrVmC-8M&list=RDoZpYEEcvu5I&index=3
2025-01-03 16:25:26,473 | [INFO] Feature.views: Received link: https://www.youtube.com/watch?v=Y4nEEZwckuU
2025-01-03 16:25:30,917 | [INFO] Feature.yt_music: Downloading music...
2025-01-03 16:25:30,917 | [INFO] Feature.yt_music: Title: YOASOBI「群青」Official Music Video
2025-01-03 16:25:30,917 | [INFO] Feature.yt_music: Transform .m4a file to .mp3 file...
2025-01-03 16:25:32,108 | [INFO] Feature.yt_music: Output path: d:\CODE\Project\Echo_Sence\static\feature\runtime\Y4nEEZwckuU.mp3
2025-01-03 16:25:32,108 | [INFO] Feature.yt_music: Remove file: d:\CODE\Project\Echo_Sence\static\feature\runtime\Y4nEEZwckuU.mp3
2025-01-03 16:26:22,057 | [INFO] Feature.views: Received link: https://www.youtube.com/watch?v=kJQP7kiw5Fk
2025-01-03 16:26:25,148 | [INFO] Feature.yt_music: Downloading music...
2025-01-03 16:26:25,149 | [INFO] Feature.yt_music: Title: Luis Fonsi - Despacito ft. Daddy Yankee
2025-01-03 16:26:25,149 | [INFO] Feature.yt_music: Transform .m4a file to .mp3 file...
2025-01-03 16:26:26,251 | [INFO] Feature.yt_music: Output path: d:\CODE\Project\Echo_Sence\static\feature\runtime\kJQP7kiw5Fk.mp3
2025-01-03 16:26:26,252 | [INFO] Feature.yt_music: Remove file: d:\CODE\Project\Echo_Sence\static\feature\runtime\kJQP7kiw5Fk.mp3
2025-01-03 16:27:14,937 | [INFO] Feature.views: Received link: https://www.youtube.com/watch?v=2vjPBrBU-TM
2025-01-03 16:27:18,355 | [INFO] Feature.yt_music: Downloading music...
2025-01-03 16:27:18,355 | [INFO] Feature.yt_music: Title: Sia - Chandelier (Official Video)
2025-01-03 16:27:18,355 | [INFO] Feature.yt_music: Transform .m4a file to .mp3 file...
2025-01-03 16:27:19,628 | [INFO] Feature.yt_music: Output path: d:\CODE\Project\Echo_Sence\static\feature\runtime\2vjPBrBU-TM.mp3
2025-01-03 16:27:19,629 | [INFO] Feature.yt_music: Remove file: d:\CODE\Project\Echo_Sence\static\feature\runtime\2vjPBrBU-TM.mp3
2025-01-03 16:27:25,221 | [INFO] Feature.views: Received link: https://www.youtube.com/watch?v=YaEG2aWJnZ8
2025-01-03 16:27:28,239 | [INFO] Feature.yt_music: Downloading music...
2025-01-03 16:27:28,240 | [INFO] Feature.yt_music: Title: Sia - Unstoppable (Official Video - Live from the Nostalgic For The Present Tour)
2025-01-03 16:27:28,240 | [INFO] Feature.yt_music: Transform .m4a file to .mp3 file...
2025-01-03 16:27:29,330 | [INFO] Feature.yt_music: Output path: d:\CODE\Project\Echo_Sence\static\feature\runtime\YaEG2aWJnZ8.mp3
2025-01-03 16:27:29,330 | [INFO] Feature.yt_music: Remove file: d:\CODE\Project\Echo_Sence\static\feature\runtime\YaEG2aWJnZ8.mp3
2025-01-03 16:27:58,108 | [INFO] Feature.views: Received link: https://www.youtube.com/watch?v=wJnBTPUQS5A
2025-01-03 16:28:01,427 | [INFO] Feature.yt_music: Downloading music...
2025-01-03 16:28:01,427 | [INFO] Feature.yt_music: Title: Alan Walker - The Spectre
2025-01-03 16:28:01,427 | [INFO] Feature.yt_music: Transform .m4a file to .mp3 file...
2025-01-03 16:28:02,507 | [INFO] Feature.yt_music: Output path: d:\CODE\Project\Echo_Sence\static\feature\runtime\wJnBTPUQS5A.mp3
2025-01-03 16:28:02,508 | [INFO] Feature.yt_music: Remove file: d:\CODE\Project\Echo_Sence\static\feature\runtime\wJnBTPUQS5A.mp3
2025-01-03 16:28:18,848 | [INFO] Feature.views: Received link: https://www.youtube.com/watch?v=hT_nvWreIhg
2025-01-03 16:28:22,105 | [INFO] Feature.yt_music: Downloading music...
2025-01-03 16:28:22,105 | [INFO] Feature.yt_music: Title: OneRepublic - Counting Stars
2025-01-03 16:28:22,105 | [INFO] Feature.yt_music: Transform .m4a file to .mp3 file...
2025-01-03 16:28:23,254 | [INFO] Feature.yt_music: Output path: d:\CODE\Project\Echo_Sence\static\feature\runtime\hT_nvWreIhg.mp3
2025-01-03 16:28:23,256 | [INFO] Feature.yt_music: Remove file: d:\CODE\Project\Echo_Sence\static\feature\runtime\hT_nvWreIhg.mp3
2025-01-03 16:29:02,118 | [INFO] Feature.views: Received link: https://www.youtube.com/watch?v=T6eK-2OQtew&list=RDCLAK5uy_k00OMQ2QaFM99U5NaVrum2xuoB274L8DQ&index=3
2025-01-03 16:29:05,175 | [INFO] Feature.yt_music: Downloading music...
2025-01-03 16:29:05,176 | [INFO] Feature.yt_music: Title: Not Like Us
2025-01-03 16:29:05,176 | [INFO] Feature.yt_music: Transform .m4a file to .mp3 file...
2025-01-03 16:29:06,446 | [INFO] Feature.yt_music: Output path: d:\CODE\Project\Echo_Sence\static\feature\runtime\T6eK-2OQtew.mp3
2025-01-03 16:29:06,446 | [INFO] Feature.yt_music: Remove file: d:\CODE\Project\Echo_Sence\static\feature\runtime\T6eK-2OQtew.mp3
2025-01-03 16:29:11,813 | [INFO] Feature.views: Received link: https://www.youtube.com/watch?v=cF1Na4AIecM&list=RDCLAK5uy_k00OMQ2QaFM99U5NaVrum2xuoB274L8DQ&index=19
2025-01-03 16:29:15,313 | [INFO] Feature.yt_music: Downloading music...
2025-01-03 16:29:15,313 | [INFO] Feature.yt_music: Title: Sabrina Carpenter - Please Please Please (Official Video)
2025-01-03 16:29:15,314 | [INFO] Feature.yt_music: Transform .m4a file to .mp3 file...
2025-01-03 16:29:16,447 | [INFO] Feature.yt_music: Output path: d:\CODE\Project\Echo_Sence\static\feature\runtime\cF1Na4AIecM.mp3
2025-01-03 16:29:16,447 | [INFO] Feature.yt_music: Remove file: d:\CODE\Project\Echo_Sence\static\feature\runtime\cF1Na4AIecM.mp3
2025-01-03 16:29:22,499 | [INFO] Feature.views: Received link: https://www.youtube.com/watch?v=UxJeFrWYuB4&list=RDCLAK5uy_k00OMQ2QaFM99U5NaVrum2xuoB274L8DQ&index=36
2025-01-03 16:29:25,980 | [INFO] Feature.yt_music: Downloading music...
2025-01-03 16:29:25,980 | [INFO] Feature.yt_music: Title: BossMan Dlow - Mr Pot Scraper
2025-01-03 16:29:25,980 | [INFO] Feature.yt_music: Transform .m4a file to .mp3 file...
2025-01-03 16:29:27,081 | [INFO] Feature.yt_music: Output path: d:\CODE\Project\Echo_Sence\static\feature\runtime\UxJeFrWYuB4.mp3
2025-01-03 16:29:27,081 | [INFO] Feature.yt_music: Remove file: d:\CODE\Project\Echo_Sence\static\feature\runtime\UxJeFrWYuB4.mp3
2025-01-03 16:29:44,637 | [INFO] Feature.views: Received link: https://www.youtube.com/watch?v=WXBHCQYxwr0
2025-01-03 16:29:48,031 | [INFO] Feature.yt_music: Downloading music...
2025-01-03 16:29:48,032 | [INFO] Feature.yt_music: Title: Ava Max - Sweet but Psycho [Official Music Video]
2025-01-03 16:29:48,032 | [INFO] Feature.yt_music: Transform .m4a file to .mp3 file...
2025-01-03 16:29:49,169 | [INFO] Feature.yt_music: Output path: d:\CODE\Project\Echo_Sence\static\feature\runtime\WXBHCQYxwr0.mp3
2025-01-03 16:29:49,170 | [INFO] Feature.yt_music: Remove file: d:\CODE\Project\Echo_Sence\static\feature\runtime\WXBHCQYxwr0.mp3
2025-01-03 16:30:19,464 | [INFO] Feature.views: Received link: https://www.youtube.com/watch?v=wBmWvvTV0P4
2025-01-03 16:30:22,610 | [INFO] Feature.yt_music: Downloading music...
2025-01-03 16:30:22,610 | [INFO] Feature.yt_music: Title: Ava Max - Torn [Official Music Video]
2025-01-03 16:30:22,610 | [INFO] Feature.yt_music: Transform .m4a file to .mp3 file...
2025-01-03 16:30:23,701 | [INFO] Feature.yt_music: Output path: d:\CODE\Project\Echo_Sence\static\feature\runtime\wBmWvvTV0P4.mp3
2025-01-03 16:30:23,701 | [INFO] Feature.yt_music: Remove file: d:\CODE\Project\Echo_Sence\static\feature\runtime\wBmWvvTV0P4.mp3
2025-01-03 16:30:39,048 | [INFO] Feature.views: Received link: https://www.youtube.com/watch?v=aatr_2MstrI
2025-01-03 16:30:42,156 | [INFO] Feature.yt_music: Downloading music...
2025-01-03 16:30:42,156 | [INFO] Feature.yt_music: Title: Clean Bandit - Symphony (feat. Zara Larsson) [Official Video]
2025-01-03 16:30:42,156 | [INFO] Feature.yt_music: Transform .m4a file to .mp3 file...
2025-01-03 16:30:43,219 | [INFO] Feature.yt_music: Output path: d:\CODE\Project\Echo_Sence\static\feature\runtime\aatr_2MstrI.mp3
2025-01-03 16:30:43,220 | [INFO] Feature.yt_music: Remove file: d:\CODE\Project\Echo_Sence\static\feature\runtime\aatr_2MstrI.mp3
2025-01-03 16:32:56,022 | [INFO] Feature.views: Received link: https://www.youtube.com/watch?v=gERyKqM5Gvs
